=== DDA fixed-d sweep ===
  Resolution: d = s_min/10
  Shapes: 15
  er values: [0.5, 1.25, 1.5, 1.75, 2, 3, 5, 8, 10, 12.5, 15, 17.5, 20]
  Solver: GMRES+FFT, adaptive rtol (1e-6 / 1e-4 / 5e-4)
  Cache dir: /home/daniel/dev/pro/pol-cub/pol/tools/_dda_cache


==================================================
  1.0×1.00×1.00  d=0.1000  N=1000  unknowns=3000
  er=  0.50  (cached)  Nx=-1.648674 Ny=-1.648674 Nz=-1.648674  sum=-4.946021
  er=  1.25  (cached)  Nx=4.327405 Ny=4.327405 Nz=4.327405  sum=12.982216
  er=  1.50  (cached)  Nx=2.322647 Ny=2.322647 Nz=2.322647  sum=6.967941
  er=  1.75  (cached)  Nx=1.652062 Ny=1.652062 Nz=1.652062  sum=4.956186
  er=  2.00  (cached)  Nx=1.315436 Ny=1.315436 Nz=1.315436  sum=3.946308
  er=  3.00  (cached)  Nx=0.806181 Ny=0.806181 Nz=0.806181  sum=2.418544
  er=  5.00  (cached)  Nx=0.546412 Ny=0.546412 Nz=0.546412  sum=1.639237
  er=  8.00  (cached)  Nx=0.432164 Ny=0.432164 Nz=0.432164  sum=1.296493
  er= 10.00  (cached)  Nx=0.397576 Ny=0.397576 Nz=0.397576  sum=1.192728
  er= 12.50  (cached)  Nx=0.370812 Ny=0.370812 Nz=0.370812  sum=1.112436
  er= 15.00  (cached)  Nx=0.353191 Ny=0.353191 Nz=0.353191  sum=1.059572
  er= 17.50  (cached)  Nx=0.340565 Ny=0.340565 Nz=0.340565  sum=1.021695
  er= 20.00  (cached)  Nx=0.331516 Ny=0.331516 Nz=0.331516  sum=0.994549

==================================================
  1.0×0.70×0.70  d=0.0700  N=1400  unknowns=4200
  er=  0.50  Nx=-1.706085 Ny=-1.619885 Nz=-1.619885  sum=-4.945856  [0.1s]
  er=  1.25  Nx=4.270166 Ny=4.355218 Nz=4.355218  sum=12.980601  [0.0s]
  er=  1.50  Nx=2.266028 Ny=2.350618 Nz=2.350618  sum=6.967263  [0.0s]
  er=  1.75  Nx=1.595858 Ny=1.680007 Nz=1.680007  sum=4.955871  [0.1s]
  er=  2.00  Nx=1.259577 Ny=1.343312 Nz=1.343312  sum=3.946202  [0.1s]
  er=  3.00  Nx=0.751366 Ny=0.833723 Nz=0.833723  sum=2.418812  [0.1s]
  er=  5.00  Nx=0.492884 Ny=0.573422 Nz=0.573422  sum=1.639729  [0.1s]
  er=  8.00  Nx=0.379734 Ny=0.458666 Nz=0.458666  sum=1.297065  [0.2s]
  er= 10.00  Nx=0.345644 Ny=0.423828 Nz=0.423828  sum=1.193299  [0.1s]
  er= 12.50  Nx=0.319397 Ny=0.396770 Nz=0.396770  sum=1.112936  [0.2s]
  er= 15.00  Nx=0.302284 Ny=0.378946 Nz=0.378946  sum=1.060176  [5.1s]
  er= 17.50  Nx=0.289898 Ny=0.366374 Nz=0.366373  sum=1.022645  [5.1s]
  er= 20.00  Nx=0.281043 Ny=0.356884 Nz=0.356882  sum=0.994809  [17.6s]

==================================================
  1.0×1.00×0.70  d=0.0700  N=1960  unknowns=5880
  er=  0.50  (cached)  Nx=-1.680968 Ny=-1.680968 Nz=-1.583727  sum=-4.945662
  er=  1.25  (cached)  Nx=4.294774 Ny=4.294774 Nz=4.390992  sum=12.980541
  er=  1.50  (cached)  Nx=2.290472 Ny=2.290472 Nz=2.386199  sum=6.967142
  er=  1.75  (cached)  Nx=1.620150 Ny=1.620150 Nz=1.715399  sum=4.955700
  er=  2.00  (cached)  Nx=1.283731 Ny=1.283731 Nz=1.378524  sum=3.945986
  er=  3.00  (cached)  Nx=0.775072 Ny=0.775072 Nz=0.868323  sum=2.418468
  er=  5.00  (cached)  Nx=0.516023 Ny=0.516023 Nz=0.607201  sum=1.639247
  er=  8.00  (cached)  Nx=0.402396 Ny=0.402396 Nz=0.491714  sum=1.296507
  er= 10.00  (cached)  Nx=0.368098 Ny=0.368098 Nz=0.456528  sum=1.192724
  er= 12.50  (cached)  Nx=0.341641 Ny=0.341641 Nz=0.428992  sum=1.112275
  er= 15.00  (cached)  Nx=0.324411 Ny=0.324411 Nz=0.410652  sum=1.059475
  er= 17.50  (cached)  Nx=0.312215 Ny=0.312215 Nz=0.397310  sum=1.021741
  er= 20.00  (cached)  Nx=0.303284 Ny=0.303284 Nz=0.384692  sum=0.991259

==================================================
  1.0×0.50×0.50  d=0.0500  N=2000  unknowns=6000
  er=  0.50  Nx=-1.788165 Ny=-1.580135 Nz=-1.580135  sum=-4.948436  [0.1s]
  er=  1.25  Nx=4.190602 Ny=4.396190 Nz=4.396190  sum=12.982981  [0.1s]
  er=  1.50  Nx=2.186570 Ny=2.391366 Nz=2.391366  sum=6.969302  [0.1s]
  er=  1.75  Nx=1.516634 Ny=1.720693 Nz=1.720693  sum=4.958021  [0.1s]
  er=  2.00  Nx=1.180589 Ny=1.383971 Nz=1.383971  sum=3.948530  [0.1s]
  er=  3.00  Nx=0.673145 Ny=0.874319 Nz=0.874319  sum=2.421783  [0.1s]
  er=  5.00  Nx=0.415581 Ny=0.613925 Nz=0.613925  sum=1.643431  [0.2s]
  er=  8.00  Nx=0.303115 Ny=0.499114 Nz=0.499114  sum=1.301342  [0.3s]
  er= 10.00  Nx=0.269261 Ny=0.464297 Nz=0.464297  sum=1.197854  [0.2s]
  er= 12.50  Nx=0.243135 Ny=0.437350 Nz=0.437350  sum=1.117834  [0.4s]
  er= 15.00  Nx=0.226034 Ny=0.419660 Nz=0.419660  sum=1.065353  [2.1s]
  er= 17.50  Nx=0.213942 Ny=0.407054 Nz=0.407052  sum=1.028048  [16.6s]
  er= 20.00  Nx=0.199636 Ny=0.397649 Nz=0.397648  sum=0.994933  [31.0s]

==================================================
  1.0×0.70×0.50  d=0.0500  N=2800  unknowns=8400
  er=  0.50  Nx=-1.759835 Ny=-1.657754 Nz=-1.530089  sum=-4.947678  [0.2s]
  er=  1.25  Nx=4.218127 Ny=4.318860 Nz=4.445749  sum=12.982735  [0.1s]
  er=  1.50  Nx=2.213922 Ny=2.314257 Nz=2.440680  sum=6.968859  [0.1s]
  er=  1.75  Nx=1.543838 Ny=1.643807 Nz=1.769771  sum=4.957416  [0.1s]
  er=  2.00  Nx=1.207665 Ny=1.307300 Nz=1.432824  sum=3.947789  [0.2s]
  er=  3.00  Nx=0.699841 Ny=0.798392 Nz=0.922430  sum=2.420663  [0.2s]
  er=  5.00  Nx=0.441840 Ny=0.538994 Nz=0.661099  sum=1.641933  [0.3s]
  er=  8.00  Nx=0.329046 Ny=0.425025 Nz=0.545550  sum=1.299622  [0.4s]
  er= 10.00  Nx=0.295071 Ny=0.390560 Nz=0.510447  sum=1.196078  [0.3s]
  er= 12.50  Nx=0.268860 Ny=0.363918 Nz=0.483260  sum=1.116038  [0.6s]
  er= 15.00  Nx=0.251626 Ny=0.346410 Nz=0.465413  sum=1.063449  [46.1s]
  er= 17.50  Nx=0.239441 Ny=0.334048 Nz=0.452699  sum=1.026188  [41.8s]
  er= 20.00  Nx=0.230298 Ny=0.324430 Nz=0.443192  sum=0.997920  [56.3s]

==================================================
  1.0×0.30×0.30  d=0.0300  N=3300  unknowns=9900
  er=  0.50  Nx=-1.852848 Ny=-1.549965 Nz=-1.549965  sum=-4.952778  [0.3s]
  er=  1.25  Nx=4.129655 Ny=4.427160 Nz=4.427160  sum=12.983976  [0.2s]
  er=  1.50  Nx=2.126447 Ny=2.422589 Nz=2.422589  sum=6.971624  [0.3s]
  er=  1.75  Nx=1.457144 Ny=1.752087 Nz=1.752087  sum=4.961318  [0.3s]
  er=  2.00  Nx=1.121617 Ny=1.415496 Nz=1.415496  sum=3.952609  [0.3s]
  er=  3.00  Nx=0.615565 Ny=0.906187 Nz=0.906187  sum=2.427939  [0.4s]
  er=  5.00  Nx=0.359378 Ny=0.646117 Nz=0.646117  sum=1.651613  [0.6s]
  er=  8.00  Nx=0.247864 Ny=0.531513 Nz=0.531513  sum=1.310889  [0.9s]
  er= 10.00  Nx=0.214391 Ny=0.496766 Nz=0.496766  sum=1.207922  [0.6s]
  er= 12.50  Nx=0.188648 Ny=0.469867 Nz=0.469867  sum=1.128382  [1.1s]
  er= 15.00  Nx=0.171761 Ny=0.452188 Nz=0.452188  sum=1.076136  [6.9s]
  er= 17.50  Nx=0.159419 Ny=0.439549 Nz=0.439546  sum=1.038514  [77.1s]
  er= 20.00  Nx=0.150837 Ny=0.429963 Nz=0.429963  sum=1.010763  [74.5s]

==================================================
  1.0×1.00×0.50  d=0.0500  N=4000  unknowns=12000
  er=  0.50  (cached)  Nx=-1.732456 Ny=-1.732456 Nz=-1.483644  sum=-4.948557
  er=  1.25  (cached)  Nx=4.245368 Ny=4.245368 Nz=4.492280  sum=12.983017
  er=  1.50  (cached)  Nx=2.241118 Ny=2.241118 Nz=2.487123  sum=6.969358
  er=  1.75  (cached)  Nx=1.570988 Ny=1.570988 Nz=1.816113  sum=4.958088
  er=  2.00  (cached)  Nx=1.234769 Ny=1.234769 Nz=1.479064  sum=3.948602
  er=  3.00  (cached)  Nx=0.726774 Ny=0.726774 Nz=0.968293  sum=2.421840
  er=  5.00  (cached)  Nx=0.468507 Ny=0.468507 Nz=0.706439  sum=1.643453
  er=  8.00  (cached)  Nx=0.355465 Ny=0.355465 Nz=0.590458  sum=1.301389
  er= 10.00  (cached)  Nx=0.321387 Ny=0.321387 Nz=0.555184  sum=1.197959
  er= 12.50  (cached)  Nx=0.295093 Ny=0.295093 Nz=0.527857  sum=1.118042
  er= 15.00  (cached)  Nx=0.277857 Ny=0.277857 Nz=0.510030  sum=1.065744
  er= 17.50  (cached)  Nx=0.265704 Ny=0.265704 Nz=0.497297  sum=1.028705
  er= 20.00  (cached)  Nx=0.255725 Ny=0.255725 Nz=0.487843  sum=0.999292

==================================================
  1.0×0.20×0.20  d=0.0200  N=5000  unknowns=15000
  er=  0.50  Nx=-1.905424 Ny=-1.525762 Nz=-1.525762  sum=-4.956948  [0.5s]
  er=  1.25  Nx=4.080824 Ny=4.452453 Nz=4.452453  sum=12.985730  [0.4s]
  er=  1.50  Nx=2.078178 Ny=2.448024 Nz=2.448024  sum=6.974227  [0.4s]
  er=  1.75  Nx=1.409349 Ny=1.777683 Nz=1.777683  sum=4.964716  [0.5s]
  er=  2.00  Nx=1.074208 Ny=1.441243 Nz=1.441243  sum=3.956693  [0.6s]
  er=  3.00  Nx=0.569157 Ny=0.932406 Nz=0.932406  sum=2.433968  [0.7s]
  er=  5.00  Nx=0.313828 Ny=0.672914 Nz=0.672914  sum=1.659656  [1.0s]
  er=  8.00  Nx=0.202760 Ny=0.558794 Nz=0.558794  sum=1.320348  [1.6s]
  er= 10.00  Nx=0.169403 Ny=0.524268 Nz=0.524268  sum=1.217938  [1.1s]
  er= 12.50  Nx=0.143688 Ny=0.497603 Nz=0.497603  sum=1.138893  [2.8s]
  er= 15.00  Nx=0.126829 Ny=0.480158 Nz=0.480158  sum=1.087145  [12.6s]
  er= 17.50  Nx=0.114770 Ny=0.467752 Nz=0.467752  sum=1.050273  [78.2s]
  er= 20.00  Nx=0.105796 Ny=0.458341 Nz=0.458339  sum=1.022476  [305.5s]

==================================================
  1.0×0.50×0.30  d=0.0300  N=5610  unknowns=16830
  er=  0.50  Nx=-1.811111 Ny=-1.685703 Nz=-1.453680  sum=-4.950494  [1.4s]
  er=  1.25  Nx=4.168651 Ny=4.290647 Nz=4.521704  sum=12.981002  [0.9s]
  er=  1.50  Nx=2.165566 Ny=2.286771 Nz=2.517156  sum=6.969492  [1.1s]
  er=  1.75  Nx=1.496181 Ny=1.616701 Nz=1.846418  sum=4.959300  [1.2s]
  er=  2.00  Nx=1.160544 Ny=1.280465 Nz=1.509542  sum=3.950551  [1.4s]
  er=  3.00  Nx=0.654127 Ny=0.772224 Nz=0.999145  sum=2.425495  [1.8s]
  er=  5.00  Nx=0.397543 Ny=0.513424 Nz=0.737608  sum=1.648576  [2.5s]
  er=  8.00  Nx=0.285780 Ny=0.399734 Nz=0.621842  sum=1.307356  [4.1s]
  er= 10.00  Nx=0.252242 Ny=0.365250 Nz=0.586656  sum=1.204148  [3.0s]
  er= 12.50  Nx=0.226487 Ny=0.338305 Nz=0.559414  sum=1.124206  [212.3s]
  er= 15.00  Nx=0.209738 Ny=0.320164 Nz=0.541558  sum=1.071460  [228.6s]
  er= 17.50  Nx=0.197896 Ny=0.308078 Nz=0.528837  sum=1.034811  [453.1s]
  er= 20.00  Nx=0.189063 Ny=0.293879 Nz=0.519130  sum=1.002071  [587.8s]

==================================================
  1.0×0.30×0.20  d=0.0200  N=7500  unknowns=22500
  er=  0.50  Nx=-1.886440 Ny=-1.618737 Nz=-1.450439  sum=-4.955616  [1.4s]
  er=  1.25  Nx=4.098342 Ny=4.359592 Nz=4.527354  sum=12.985288  [0.9s]
  er=  1.50  Nx=2.095431 Ny=2.355371 Nz=2.522624  sum=6.973427  [1.1s]
  er=  1.75  Nx=1.426392 Ny=1.685243 Nz=1.851982  sum=4.963617  [1.2s]
  er=  2.00  Nx=1.091080 Ny=1.349009 Nz=1.515251  sum=3.955341  [1.4s]
  er=  3.00  Nx=0.585587 Ny=0.840875 Nz=1.005431  sum=2.431893  [2.0s]
  er=  5.00  Nx=0.329876 Ny=0.582276 Nz=0.744672  sum=1.656824  [2.5s]
  er=  8.00  Nx=0.218620 Ny=0.468857 Nz=0.629548  sum=1.317025  [4.0s]
  er= 10.00  Nx=0.185225 Ny=0.434607 Nz=0.594629  sum=1.214461  [2.8s]
  er= 12.50  Nx=0.159518 Ny=0.408174 Nz=0.567633  sum=1.135325  [16.7s]
  er= 15.00  Nx=0.142678 Ny=0.390873 Nz=0.549968  sum=1.083519  [240.1s]
  er= 17.50  Nx=0.130696 Ny=0.378561 Nz=0.537414  sum=1.046671  [454.7s]
  er= 20.00  Nx=0.121205 Ny=0.369211 Nz=0.527984  sum=1.018400  [612.4s]

==================================================
  1.0×0.70×0.30  d=0.0300  N=7590  unknowns=22770
  er=  0.50  Nx=-1.808999 Ny=-1.721354 Nz=-1.421942  sum=-4.952294  [2.6s]
  er=  1.25  Nx=4.171544 Ny=4.257403 Nz=4.554641  sum=12.983588  [1.7s]
  er=  1.50  Nx=2.168032 Ny=2.253537 Nz=2.549689  sum=6.971259  [2.0s]
  er=  1.75  Nx=1.498464 Ny=1.583672 Nz=1.878770  sum=4.960906  [2.3s]
  er=  2.00  Nx=1.162709 Ny=1.247664 Nz=1.541765  sum=3.952138  [2.6s]
  er=  3.00  Nx=0.656017 Ny=0.740222 Nz=1.031008  sum=2.427247  [3.4s]
  er=  5.00  Nx=0.399157 Ny=0.482477 Nz=0.769009  sum=1.650643  [5.0s]
  er=  8.00  Nx=0.287169 Ny=0.369774 Nz=0.652821  sum=1.309764  [7.5s]
  er= 10.00  Nx=0.253519 Ny=0.335837 Nz=0.617431  sum=1.206787  [5.3s]
  er= 12.50  Nx=0.227624 Ny=0.309707 Nz=0.589957  sum=1.127289  [10.8s]
  er= 15.00  Nx=0.210709 Ny=0.292659 Nz=0.571861  sum=1.075229  [99.5s]
  er= 17.50  Nx=0.198462 Ny=0.280593 Nz=0.558846  sum=1.037901  [760.6s]
