=== DDA fixed-d sweep ===
  Resolution: d = s_min/10
  Shapes: 15
  er values: [0.5, 1.25, 1.5, 1.75, 2, 3, 5, 8, 10, 12.5, 15, 17.5, 20]
  Solver: GMRES+FFT, adaptive rtol (1e-6 / 1e-5 / 2e-4)
  Cache dir: /home/daniel/dev/pro/pol-cub/pol/tools/_dda_cache


==================================================
  1.0×1.00×1.00  d=0.1000  N=1000  unknowns=3000
  er=  0.50  (cached)  Nx=-1.648674 Ny=-1.648674 Nz=-1.648674  sum=-4.946021
  er=  1.25  (cached)  Nx=4.327405 Ny=4.327405 Nz=4.327405  sum=12.982216
  er=  1.50  (cached)  Nx=2.322647 Ny=2.322647 Nz=2.322647  sum=6.967941
  er=  1.75  (cached)  Nx=1.652062 Ny=1.652062 Nz=1.652062  sum=4.956186
  er=  2.00  (cached)  Nx=1.315436 Ny=1.315436 Nz=1.315436  sum=3.946308
  er=  3.00  (cached)  Nx=0.806181 Ny=0.806181 Nz=0.806181  sum=2.418544
  er=  5.00  (cached)  Nx=0.546412 Ny=0.546412 Nz=0.546412  sum=1.639237
  er=  8.00  (cached)  Nx=0.432164 Ny=0.432164 Nz=0.432164  sum=1.296493
  er= 10.00  (cached)  Nx=0.397576 Ny=0.397576 Nz=0.397576  sum=1.192728
  er= 12.50  (cached)  Nx=0.370812 Ny=0.370812 Nz=0.370812  sum=1.112436
  er= 15.00  (cached)  Nx=0.353191 Ny=0.353191 Nz=0.353191  sum=1.059572
  er= 17.50  (cached)  Nx=0.340565 Ny=0.340565 Nz=0.340565  sum=1.021695
  er= 20.00  (cached)  Nx=0.331516 Ny=0.331516 Nz=0.331516  sum=0.994549

==================================================
  1.0×1.00×0.70  d=0.0700  N=1960  unknowns=5880
  er=  0.50  (cached)  Nx=-1.680968 Ny=-1.680968 Nz=-1.583727  sum=-4.945662
  er=  1.25  (cached)  Nx=4.294774 Ny=4.294774 Nz=4.390992  sum=12.980541
  er=  1.50  (cached)  Nx=2.290472 Ny=2.290472 Nz=2.386199  sum=6.967142
  er=  1.75  (cached)  Nx=1.620150 Ny=1.620150 Nz=1.715399  sum=4.955700
  er=  2.00  (cached)  Nx=1.283731 Ny=1.283731 Nz=1.378524  sum=3.945986
  er=  3.00  (cached)  Nx=0.775072 Ny=0.775072 Nz=0.868323  sum=2.418468
  er=  5.00  (cached)  Nx=0.516023 Ny=0.516023 Nz=0.607201  sum=1.639247
  er=  8.00  (cached)  Nx=0.402396 Ny=0.402396 Nz=0.491714  sum=1.296507
  er= 10.00  (cached)  Nx=0.368098 Ny=0.368098 Nz=0.456528  sum=1.192724
  er= 12.50  (cached)  Nx=0.341641 Ny=0.341641 Nz=0.428992  sum=1.112275
  er= 15.00  (cached)  Nx=0.324411 Ny=0.324411 Nz=0.410652  sum=1.059475
  er= 17.50  (cached)  Nx=0.312215 Ny=0.312215 Nz=0.397310  sum=1.021741
  er= 20.00  (cached)  Nx=0.303284 Ny=0.303284 Nz=0.384692  sum=0.991259

==================================================
  1.0×1.00×0.50  d=0.0500  N=4000  unknowns=12000
  er=  0.50  (cached)  Nx=-1.732456 Ny=-1.732456 Nz=-1.483644  sum=-4.948557
  er=  1.25  (cached)  Nx=4.245368 Ny=4.245368 Nz=4.492280  sum=12.983017
  er=  1.50  (cached)  Nx=2.241118 Ny=2.241118 Nz=2.487123  sum=6.969358
  er=  1.75  (cached)  Nx=1.570988 Ny=1.570988 Nz=1.816113  sum=4.958088
  er=  2.00  (cached)  Nx=1.234769 Ny=1.234769 Nz=1.479064  sum=3.948602
  er=  3.00  (cached)  Nx=0.726774 Ny=0.726774 Nz=0.968293  sum=2.421840
  er=  5.00  (cached)  Nx=0.468507 Ny=0.468507 Nz=0.706439  sum=1.643453
  er=  8.00  (cached)  Nx=0.355465 Ny=0.355465 Nz=0.590458  sum=1.301389
  er= 10.00  (cached)  Nx=0.321387 Ny=0.321387 Nz=0.555184  sum=1.197959
  er= 12.50  (cached)  Nx=0.295093 Ny=0.295093 Nz=0.527857  sum=1.118042
  er= 15.00  (cached)  Nx=0.277857 Ny=0.277857 Nz=0.510030  sum=1.065744
  er= 17.50  (cached)  Nx=0.265704 Ny=0.265704 Nz=0.497297  sum=1.028705
  er= 20.00  (cached)  Nx=0.255725 Ny=0.255725 Nz=0.487843  sum=0.999292

==================================================
  1.0×1.00×0.30  d=0.0300  N=10890  unknowns=32670
  er=  0.50  (cached)  Nx=-1.788653 Ny=-1.788653 Nz=-1.377077  sum=-4.954384
  er=  1.25  (cached)  Nx=4.192159 Ny=4.192159 Nz=4.600183  sum=12.984501
  er=  1.50  (cached)  Nx=2.188648 Ny=2.188648 Nz=2.595261  sum=6.972556
  er=  1.75  (cached)  Nx=1.519099 Ny=1.519099 Nz=1.924376  sum=4.962575
  er=  2.00  (cached)  Nx=1.183364 Ny=1.183364 Nz=1.587400  sum=3.954128
  er=  3.00  (cached)  Nx=0.676719 Ny=0.676719 Nz=1.076703  sum=2.430141
  er=  5.00  (cached)  Nx=0.419860 Ny=0.419860 Nz=0.814745  sum=1.654465
  er=  8.00  (cached)  Nx=0.307828 Ny=0.307828 Nz=0.698597  sum=1.314253
  er= 10.00  (cached)  Nx=0.274156 Ny=0.274156 Nz=0.663241  sum=1.211553
  er= 12.50  (cached)  Nx=0.248252 Ny=0.248252 Nz=0.635826  sum=1.132329
