=== MoM 3D data generation (v9) ===
  Shapes: 15
  nd_max: 100, auto-scaled nd_edge_target for thin shapes
  Example nd (cube): [20.0, 24.0, 28.0, 32.0, 36.0, 40.0]
  Cache dir: /home/daniel/dev/pro/pol-cub/pol/oldx/tools/_mom3d_cache
  (1.00x1.00x1.00) er=   1e+01  Nx=0.3987 Ny=0.3987 Nz=0.3987 sum=1.1961  [0.0s]
  (1.00x1.00x1.00) er=   2e+01  Nx=0.3346 Ny=0.3346 Nz=0.3346 sum=1.0038  [0.0s]
  (1.00x1.00x1.00) er=   1e+02  Nx=0.2869 Ny=0.2869 Nz=0.2869 sum=0.8608  [0.0s]
  (1.00x1.00x1.00) er=   1e+10  Nx=0.2754 Ny=0.2754 Nz=0.2754 sum=0.8263  [0.0s]
  (1.00x1.00x0.70) er=   1e+01  Nx=0.3610 Ny=0.3610 Nz=0.4757 sum=1.1976  [0.0s]
  (1.00x1.00x0.70) er=   2e+01  Nx=0.2974 Ny=0.2974 Nz=0.4103 sum=1.0050  [0.0s]
  (1.00x1.00x0.70) er=   1e+02  Nx=0.2502 Ny=0.2502 Nz=0.3616 sum=0.8620  [0.0s]
  (1.00x1.00x0.70) er=   1e+10  Nx=0.2388 Ny=0.2388 Nz=0.3498 sum=0.8274  [0.0s]
  (1.00x1.00x0.50) er=   1e+01  Nx=0.3250 Ny=0.3250 Nz=0.5541 sum=1.2041  [0.0s]
  (1.00x1.00x0.50) er=   2e+01  Nx=0.2621 Ny=0.2621 Nz=0.4879 sum=1.0120  [0.0s]
  (1.00x1.00x0.50) er=   1e+02  Nx=0.2154 Ny=0.2154 Nz=0.4386 sum=0.8695  [0.0s]
  (1.00x1.00x0.50) er=   1e+10  Nx=0.2042 Ny=0.2042 Nz=0.4266 sum=0.8351  [0.0s]
  (1.00x1.00x0.30) er=   1e+01  Nx=0.2737 Ny=0.2737 Nz=0.6714 sum=1.2189  [0.0s]
  (1.00x1.00x0.30) er=   2e+01  Nx=0.2116 Ny=0.2116 Nz=0.6058 sum=1.0289  [0.0s]
  (1.00x1.00x0.30) er=   1e+02  Nx=0.1657 Ny=0.1657 Nz=0.5566 sum=0.8880  [0.0s]
  (1.00x1.00x0.30) er=   1e+10  Nx=0.1547 Ny=0.1547 Nz=0.5446 sum=0.8540  [0.0s]
/home/daniel/dev/pro/pol-cub/pol/oldx/tools/sm_comp_polarizability_3d.py:82: RuntimeWarning: invalid value encountered in divide
  Z2_x += sx * dn * dot_v / r3
/home/daniel/dev/pro/pol-cub/pol/oldx/tools/sm_comp_polarizability_3d.py:83: RuntimeWarning: invalid value encountered in divide
  Z2_y += sy * dn * dot_v / r3
/home/daniel/dev/pro/pol-cub/pol/oldx/tools/sm_comp_polarizability_3d.py:84: RuntimeWarning: invalid value encountered in divide
  Z2_z += sz * dn * dot_v / r3
  (1.00x1.00x0.20) er=   1e+01  Nx=0.2382 Ny=0.2382 Nz=0.7576 sum=1.2340  [55.8s]
/home/daniel/dev/pro/pol-cub/pol/oldx/tools/sm_comp_polarizability_3d.py:82: RuntimeWarning: invalid value encountered in divide
  Z2_x += sx * dn * dot_v / r3
/home/daniel/dev/pro/pol-cub/pol/oldx/tools/sm_comp_polarizability_3d.py:83: RuntimeWarning: invalid value encountered in divide
  Z2_y += sy * dn * dot_v / r3
/home/daniel/dev/pro/pol-cub/pol/oldx/tools/sm_comp_polarizability_3d.py:84: RuntimeWarning: invalid value encountered in divide
  Z2_z += sz * dn * dot_v / r3
  (1.00x1.00x0.20) er=   2e+01  Nx=0.1765 Ny=0.1765 Nz=0.6927 sum=1.0457  [96.1s]
  (1.00x1.00x0.20) er=   1e+02  Nx=0.1310 Ny=0.1310 Nz=0.6441 sum=0.9061  [98.6s]
  (1.00x1.00x0.20) er=   1e+10  Nx=0.1201 Ny=0.1201 Nz=0.6324 sum=0.8726  [97.7s]
  (1.00x0.70x0.70) er=   1e+01  Nx=0.3306 Ny=0.4349 Nz=0.4349 sum=1.2005  [8.8s]
  (1.00x0.70x0.70) er=   2e+01  Nx=0.2674 Ny=0.3722 Nz=0.3723 sum=1.0119  [8.6s]
  (1.00x0.70x0.70) er=   1e+02  Nx=0.2205 Ny=0.3201 Nz=0.3201 sum=0.8607  [7.9s]
  (1.00x0.70x0.70) er=   1e+10  Nx=0.2092 Ny=0.3081 Nz=0.3081 sum=0.8254  [7.9s]
  (1.00x0.70x0.50) er=   1e+01  Nx=0.3002 Ny=0.3955 Nz=0.5108 sum=1.2065  [36.0s]
  (1.00x0.70x0.50) er=   2e+01  Nx=0.2372 Ny=0.3343 Nz=0.4466 sum=1.0181  [38.3s]
  (1.00x0.70x0.50) er=   1e+02  Nx=0.1906 Ny=0.2893 Nz=0.3942 sum=0.8742  [31.5s]
  (1.00x0.70x0.50) er=   1e+10  Nx=0.1794 Ny=0.2774 Nz=0.3827 sum=0.8394  [31.4s]
  (1.00x0.70x0.30) er=   1e+01  Nx=0.2565 Ny=0.3279 Nz=0.6269 sum=1.2114  [80.8s]
  (1.00x0.70x0.30) er=   2e+01  Nx=0.1942 Ny=0.2654 Nz=0.5609 sum=1.0205  [91.5s]
  (1.00x0.70x0.30) er=   1e+02  Nx=0.1481 Ny=0.2198 Nz=0.5134 sum=0.8812  [82.7s]
  (1.00x0.70x0.30) er=   1e+10  Nx=0.1370 Ny=0.2097 Nz=0.5013 sum=0.8481  [89.9s]
  (1.00x0.70x0.20) er=   1e+01  Nx=0.2262 Ny=0.2801 Nz=0.7154 sum=1.2217  [86.8s]
  (1.00x0.70x0.20) er=   2e+01  Nx=0.1642 Ny=0.2178 Nz=0.6497 sum=1.0316  [85.8s]
  (1.00x0.70x0.20) er=   1e+02  Nx=0.1183 Ny=0.1718 Nz=0.6003 sum=0.8904  [91.2s]
  (1.00x0.70x0.20) er=   1e+10  Nx=0.1073 Ny=0.1607 Nz=0.5883 sum=0.8563  [94.8s]
  (1.00x0.50x0.50) er=   1e+01  Nx=0.2744 Ny=0.4661 Nz=0.4661 sum=1.2067  [36.5s]
  (1.00x0.50x0.50) er=   2e+01  Nx=0.2112 Ny=0.3889 Nz=0.3889 sum=0.9890  [35.9s]
  (1.00x0.50x0.50) er=   1e+02  Nx=0.1642 Ny=0.3387 Nz=0.3387 sum=0.8415  [38.5s]
  (1.00x0.50x0.50) er=   1e+10  Nx=0.1529 Ny=0.3264 Nz=0.3264 sum=0.8056  [42.3s]
  (1.00x0.50x0.30) er=   1e+01  Nx=0.2366 Ny=0.3791 Nz=0.5691 sum=1.1849  [103.3s]
  (1.00x0.50x0.30) er=   2e+01  Nx=0.1734 Ny=0.3130 Nz=0.5006 sum=0.9870  [109.8s]
  (1.00x0.50x0.30) er=   1e+02  Nx=0.1284 Ny=0.2629 Nz=0.4480 sum=0.8392  [108.2s]
  (1.00x0.50x0.30) er=   1e+10  Nx=0.1193 Ny=0.2506 Nz=0.4349 sum=0.8048  [106.6s]
  (1.00x0.50x0.20) er=   1e+01  Nx=0.2109 Ny=0.3233 Nz=0.6733 sum=1.2075  [109.8s]
  (1.00x0.50x0.20) er=   2e+01  Nx=0.1478 Ny=0.2586 Nz=0.6013 sum=1.0077  [108.9s]
  (1.00x0.50x0.20) er=   1e+02  Nx=0.1006 Ny=0.2101 Nz=0.5410 sum=0.8517  [110.0s]
  (1.00x0.50x0.20) er=   1e+10  Nx=0.0892 Ny=0.1983 Nz=0.5281 sum=0.8156  [110.6s]
  (1.00x0.30x0.30) er=   1e+01  Nx=0.1976 Ny=0.4412 Nz=0.4412 sum=1.0800  [107.5s]
  (1.00x0.30x0.30) er=   2e+01  Nx=0.1210 Ny=0.3276 Nz=0.3276 sum=0.7762  [101.2s]
  (1.00x0.30x0.30) er=   1e+02  Nx=0.0376 Ny=0.0036 Nz=0.0036 sum=0.0447  [103.1s]
  (1.00x0.30x0.30) er=   1e+10  Nx=0.1435 Ny=-0.3645 Nz=-0.3645 sum=-0.5855  [104.0s]
  (1.00x0.30x0.20) er=   1e+01  Nx=0.1623 Ny=0.3075 Nz=0.4681 sum=0.9380  [106.6s]
  (1.00x0.30x0.20) er=   2e+01  Nx=0.7804 Ny=0.0920 Nz=0.2533 sum=1.1257  [111.1s]
  (1.00x0.30x0.20) er=   1e+02  Nx=0.0279 Ny=0.3360 Nz=0.5222 sum=0.8861  [110.5s]
  (1.00x0.30x0.20) er=   1e+10  Nx=0.2119 Ny=1.2671 Nz=1.7891 sum=3.2681  [112.4s]
  (1.00x0.20x0.20) er=   1e+01  Nx=-0.0232 Ny=0.2978 Nz=0.2978 sum=0.5724  [117.8s]
  (1.00x0.20x0.20) er=   2e+01  Nx=0.2225 Ny=0.6438 Nz=0.6438 sum=1.5100  [113.4s]
  (1.00x0.20x0.20) er=   1e+02  Nx=0.1319 Ny=0.5330 Nz=0.5330 sum=1.1979  [110.5s]
  (1.00x0.20x0.20) er=   1e+10  Nx=0.1170 Ny=0.5133 Nz=0.5133 sum=1.1436  [106.5s]

Total: 3547s  (1.0h)
