
--- 1.0x1.00x1.00  nd=[20.0, 24.0, 28.0, 32.0, 36.0, 40.0] ---
/home/daniel/dev/pro/pol-cub/pol/oldx/tools/sm_comp_polarizability_3d.py:82: RuntimeWarning: invalid value encountered in divide
  Z2_x += sx * dn * dot_v / r3
/home/daniel/dev/pro/pol-cub/pol/oldx/tools/sm_comp_polarizability_3d.py:83: RuntimeWarning: invalid value encountered in divide
  Z2_y += sy * dn * dot_v / r3
/home/daniel/dev/pro/pol-cub/pol/oldx/tools/sm_comp_polarizability_3d.py:84: RuntimeWarning: invalid value encountered in divide
  Z2_z += sz * dn * dot_v / r3
   er=10  Nx=0.401289 Ny=0.401289 Nz=0.401289  sum=1.203866  [3.9s]
/home/daniel/dev/pro/pol-cub/pol/oldx/tools/sm_comp_polarizability_3d.py:82: RuntimeWarning: invalid value encountered in divide
  Z2_x += sx * dn * dot_v / r3
/home/daniel/dev/pro/pol-cub/pol/oldx/tools/sm_comp_polarizability_3d.py:83: RuntimeWarning: invalid value encountered in divide
  Z2_y += sy * dn * dot_v / r3
/home/daniel/dev/pro/pol-cub/pol/oldx/tools/sm_comp_polarizability_3d.py:84: RuntimeWarning: invalid value encountered in divide
  Z2_z += sz * dn * dot_v / r3
   er=20  Nx=0.337454 Ny=0.337454 Nz=0.337454  sum=1.012362  [3.7s]
  er=100  Nx=0.290019 Ny=0.290019 Nz=0.290019  sum=0.870058  [0.1s]
     PEC  Nx=0.278587 Ny=0.278587 Nz=0.278587  sum=0.835760  [0.1s]

--- 1.0x1.00x0.70  nd=[29.0, 35.0, 40.0, 46.0, 52.0, 58.0] ---
   er=10  Nx=0.254073 Ny=0.254073 Nz=0.334572  sum=0.842718  [0.0s]
   er=20  Nx=0.209706 Ny=0.209706 Nz=0.289230  sum=0.708641  [0.1s]
  er=100  Nx=0.176811 Ny=0.176811 Nz=0.255361  sum=0.608983  [0.0s]
     PEC  Nx=0.168896 Ny=0.168896 Nz=0.247167  sum=0.584958  [0.0s]

--- 1.0x1.00x0.50  nd=[40.0, 48.0, 56.0, 64.0, 72.0, 80.0] ---
   er=10  Nx=0.163401 Ny=0.163401 Nz=0.277926  sum=0.604728  [40.3s]
   er=20  Nx=0.131995 Ny=0.131995 Nz=0.245263  sum=0.509252  [36.9s]
  er=100  Nx=0.108768 Ny=0.108768 Nz=0.220795  sum=0.438331  [34.9s]
     PEC  Nx=0.103188 Ny=0.103188 Nz=0.214864  sum=0.421240  [46.7s]

--- 1.0x1.00x0.30  nd=[67.0, 80.0, 94.0, 100.0] ---
   er=10  Nx=0.082681 Ny=0.082681 Nz=0.202075  sum=0.367437  [98.8s]
   er=20  Nx=0.064069 Ny=0.064069 Nz=0.182493  sum=0.310631  [112.7s]
  er=100  Nx=0.050339 Ny=0.050339 Nz=0.167831  sum=0.268510  [111.5s]
     PEC  Nx=0.047046 Ny=0.047046 Nz=0.164279  sum=0.258372  [105.5s]

--- 1.0x1.00x0.20  nd=[70.0, 85.0, 95.0, 100.0] ---
   er=10  Nx=0.048096 Ny=0.048096 Nz=0.151967  sum=0.248160  [118.2s]
   er=20  Nx=0.035772 Ny=0.035772 Nz=0.139059  sum=0.210602  [115.0s]
  er=100  Nx=0.026685 Ny=0.026685 Nz=0.129427  sum=0.182798  [116.6s]
     PEC  Nx=0.024506 Ny=0.024506 Nz=0.127100  sum=0.176111  [116.2s]

--- 1.0x0.70x0.70  nd=[29.0, 35.0, 40.0, 46.0, 52.0, 58.0] ---
   er=10  Nx=0.162787 Ny=0.212957 Nz=0.212957  sum=0.588700  [12.8s]
   er=20  Nx=0.131864 Ny=0.181386 Nz=0.181386  sum=0.494636  [11.6s]
  er=100  Nx=0.108966 Ny=0.157846 Nz=0.157846  sum=0.424658  [9.7s]
     PEC  Nx=0.103461 Ny=0.152158 Nz=0.152158  sum=0.407776  [11.0s]

--- 1.0x0.70x0.50  nd=[40.0, 48.0, 56.0, 64.0, 72.0, 80.0] ---
   er=10  Nx=0.105510 Ny=0.137087 Nz=0.178412  sum=0.421009  [45.5s]
   er=20  Nx=0.083538 Ny=0.114708 Nz=0.155446  sum=0.353692  [58.3s]
  er=100  Nx=0.067289 Ny=0.098060 Nz=0.138312  sum=0.303660  [57.1s]
     PEC  Nx=0.063385 Ny=0.094044 Nz=0.134156  sum=0.291585  [47.4s]

--- 1.0x0.70x0.30  nd=[67.0, 80.0, 94.0, 100.0] ---
   er=10  Nx=0.054146 Ny=0.069084 Nz=0.131927  sum=0.255157  [93.9s]
   er=20  Nx=0.041085 Ny=0.055892 Nz=0.118135  sum=0.215113  [100.6s]
  er=100  Nx=0.031445 Ny=0.046125 Nz=0.107783  sum=0.185352  [100.7s]
     PEC  Nx=0.029132 Ny=0.043776 Nz=0.105270  sum=0.178177  [98.2s]

--- 1.0x0.70x0.20  nd=[70.0, 85.0, 95.0, 100.0] ---
   er=10  Nx=0.031887 Ny=0.039702 Nz=0.100550  sum=0.172139  [99.9s]
   er=20  Nx=0.023244 Ny=0.031013 Nz=0.091424  sum=0.145681  [103.1s]
  er=100  Nx=0.016848 Ny=0.024598 Nz=0.084591  sum=0.126037  [101.4s]
     PEC  Nx=0.015319 Ny=0.023058 Nz=0.082935  sum=0.121312  [100.0s]

--- 1.0x0.50x0.50  nd=[40.0, 48.0, 56.0, 64.0, 72.0, 80.0] ---
   er=10  Nx=0.068943 Ny=0.116132 Nz=0.116132  sum=0.301207  [36.6s]
   er=20  Nx=0.053209 Ny=0.100026 Nz=0.100020  sum=0.253256  [42.1s]
  er=100  Nx=0.041546 Ny=0.088073 Nz=0.088072  sum=0.217691  [38.6s]
     PEC  Nx=0.038739 Ny=0.084005 Nz=0.085206  sum=0.207951  [39.6s]

--- 1.0x0.50x0.30  nd=[67.0, 80.0, 94.0, 100.0] ---
   er=10  Nx=0.035720 Ny=0.057774 Nz=0.086205  sum=0.179699  [102.7s]
   er=20  Nx=0.026287 Ny=0.048074 Nz=0.076185  sum=0.150546  [98.3s]
  er=100  Nx=0.019280 Ny=0.040810 Nz=0.068596  sum=0.128686  [97.5s]
     PEC  Nx=0.017590 Ny=0.039049 Nz=0.066741  sum=0.123379  [99.3s]

--- 1.0x0.50x0.20  nd=[70.0, 85.0, 95.0, 100.0] ---
   er=10  Nx=0.021255 Ny=0.035098 Nz=0.067999  sum=0.124352  [108.1s]
   er=20  Nx=0.014984 Ny=0.028528 Nz=0.061835  sum=0.105348  [102.6s]
  er=100  Nx=0.010325 Ny=0.023612 Nz=0.056426  sum=0.090363  [85.9s]
     PEC  Nx=0.009200 Ny=0.022409 Nz=0.055228  sum=0.086837  [91.8s]

--- 1.0x0.30x0.30  nd=[67.0, 80.0, 94.0, 100.0] ---
   er=10  Nx=0.018265 Ny=0.042506 Nz=0.042506  sum=0.103277  [94.0s]
   er=20  Nx=0.012163 Ny=0.035839 Nz=0.035839  sum=0.083842  [99.8s]
  er=100  Nx=0.007275 Ny=0.030355 Nz=0.030355  sum=0.067985  [97.0s]
     PEC  Nx=0.006000 Ny=0.028906 Nz=0.028906  sum=0.063811  [111.3s]

--- 1.0x0.30x0.20  nd=[70.0, 85.0, 95.0, 100.0] ---
   er=10  Nx=0.010569 Ny=0.025874 Nz=0.039441  sum=0.075884  [121.7s]
   er=20  Nx=0.006107 Ny=0.021860 Nz=0.035068  sum=0.063035  [117.4s]
  er=100  Nx=0.002008 Ny=0.014011 Nz=0.030756  sum=0.046775  [106.6s]
     PEC  Nx=0.000745 Ny=0.012722 Nz=0.029306  sum=0.042773  [104.7s]

--- 1.0x0.20x0.20  nd=[70.0, 85.0, 95.0, 100.0] ---
   er=10  Nx=-0.000716 Ny=0.016748 Nz=0.016762  sum=0.032795  [104.0s]
   er=20  Nx=0.013771 Ny=0.283569 Nz=0.283569  sum=0.580909  [111.8s]
  er=100  Nx=0.006860 Ny=0.030096 Nz=0.030096  sum=0.067053  [106.3s]
     PEC  Nx=0.006010 Ny=0.027168 Nz=0.027168  sum=0.060346  [114.5s]

Total: 4344s
