
--- 1.0x1.00x1.00  nd=[20, 24, 28, 32, 36, 40] ---
/home/daniel/dev/pro/pol-cub/pol/oldx/tools/sm_comp_polarizability_3d.py:82: RuntimeWarning: invalid value encountered in divide
  Z2_x += sx * dn * dot_v / r3
/home/daniel/dev/pro/pol-cub/pol/oldx/tools/sm_comp_polarizability_3d.py:83: RuntimeWarning: invalid value encountered in divide
  Z2_y += sy * dn * dot_v / r3
/home/daniel/dev/pro/pol-cub/pol/oldx/tools/sm_comp_polarizability_3d.py:84: RuntimeWarning: invalid value encountered in divide
  Z2_z += sz * dn * dot_v / r3
  er=  0.7  Nx=-2.989684 Ny=-2.989684 Nz=-2.989684  sum=-8.969052  [5.0s]
/home/daniel/dev/pro/pol-cub/pol/oldx/tools/sm_comp_polarizability_3d.py:82: RuntimeWarning: invalid value encountered in divide
  Z2_x += sx * dn * dot_v / r3
/home/daniel/dev/pro/pol-cub/pol/oldx/tools/sm_comp_polarizability_3d.py:83: RuntimeWarning: invalid value encountered in divide
  Z2_y += sy * dn * dot_v / r3
/home/daniel/dev/pro/pol-cub/pol/oldx/tools/sm_comp_polarizability_3d.py:84: RuntimeWarning: invalid value encountered in divide
  Z2_z += sz * dn * dot_v / r3
  er=  1.5  Nx=2.324105 Ny=2.324105 Nz=2.324105  sum=6.972315  [5.0s]
  er=  3.0  Nx=0.808254 Ny=0.808254 Nz=0.808254  sum=2.424763  [2.1s]
  er=  6.0  Nx=0.496308 Ny=0.496308 Nz=0.496308  sum=1.488925  [3.7s]

--- 1.0x1.00x0.70  nd=[29, 35, 40, 46, 52, 58] ---
  er=  0.7  Nx=-3.030186 Ny=-3.030186 Nz=-2.908572  sum=-8.968943  [8.3s]
  er=  1.5  Nx=2.283830 Ny=2.283830 Nz=2.404558  sum=6.972218  [9.8s]
  er=  3.0  Nx=0.768671 Ny=0.768671 Nz=0.887344  sum=2.424686  [9.0s]
  er=  6.0  Nx=0.457505 Ny=0.457505 Nz=0.573931  sum=1.488942  [9.5s]

--- 1.0x1.00x0.50  nd=[40, 48, 56, 64, 72, 80] ---
  er=  0.7  Nx=-3.070239 Ny=-3.070239 Nz=-2.828404  sum=-8.968883  [38.4s]
  er=  1.5  Nx=2.244719 Ny=2.244719 Nz=2.484633  sum=6.974070  [39.5s]
  er=  3.0  Nx=0.730773 Ny=0.730773 Nz=0.966644  sum=2.428190  [39.3s]
  er=  6.0  Nx=0.420722 Ny=0.420722 Nz=0.652381  sum=1.493824  [38.5s]

--- 1.0x1.00x0.30  nd=[67, 80, 94, 100] ---
  er=  0.7  Nx=-3.128423 Ny=-3.128423 Nz=-2.713467  sum=-8.970313  [97.5s]
  er=  1.5  Nx=2.188694 Ny=2.188694 Nz=2.601297  sum=6.978685  [94.7s]
  er=  3.0  Nx=0.676925 Ny=0.676925 Nz=1.084141  sum=2.437992  [105.5s]
  er=  6.0  Nx=0.368624 Ny=0.368624 Nz=0.770050  sum=1.507297  [98.5s]

--- 1.0x1.00x0.20  nd=[70, 85, 95, 100] ---
  er=  0.7  Nx=-3.168412 Ny=-3.168412 Nz=-2.630478  sum=-8.967302  [103.3s]
  er=  1.5  Nx=2.150371 Ny=2.150371 Nz=2.684470  sum=6.985212  [106.6s]
  er=  3.0  Nx=0.640142 Ny=0.640142 Nz=1.168254  sum=2.448538  [89.6s]
  er=  6.0  Nx=0.332970 Ny=0.332970 Nz=0.855529  sum=1.521469  [95.3s]

--- 1.0x0.70x0.70  nd=[29, 35, 40, 46, 52, 58] ---
  er=  0.7  Nx=-3.062270 Ny=-2.953454 Nz=-2.953454  sum=-8.969179  [11.2s]
  er=  1.5  Nx=2.251877 Ny=2.359900 Nz=2.359900  sum=6.971676  [9.4s]
  er=  3.0  Nx=0.737151 Ny=0.843082 Nz=0.843082  sum=2.423316  [12.0s]
  er=  6.0  Nx=0.426471 Ny=0.530221 Nz=0.530221  sum=1.486913  [10.2s]

--- 1.0x0.70x0.50  nd=[40, 48, 56, 64, 72, 80] ---
  er=  0.7  Nx=-3.095737 Ny=-2.999359 Nz=-2.874376  sum=-8.969472  [37.1s]
  er=  1.5  Nx=2.219182 Ny=2.314656 Nz=2.438638  sum=6.972477  [38.3s]
  er=  3.0  Nx=0.705301 Ny=0.799091 Nz=0.920652  sum=2.425044  [40.2s]
  er=  6.0  Nx=0.395333 Ny=0.486768 Nz=0.606240  sum=1.488340  [39.3s]

--- 1.0x0.70x0.30  nd=[67, 80, 94, 100] ---
  er=  0.7  Nx=-3.145242 Ny=-3.069213 Nz=-2.756520  sum=-8.970975  [99.0s]
  er=  1.5  Nx=2.171683 Ny=2.246201 Nz=2.557603  sum=6.975487  [96.1s]
  er=  3.0  Nx=0.659624 Ny=0.732669 Nz=1.039809  sum=2.432102  [89.1s]
  er=  6.0  Nx=0.351029 Ny=0.422840 Nz=0.725090  sum=1.498959  [89.2s]

--- 1.0x0.70x0.20  nd=[70, 85, 95, 100] ---
  er=  0.7  Nx=-3.179777 Ny=-3.120261 Nz=-2.667199  sum=-8.967237  [94.4s]
  er=  1.5  Nx=2.138851 Ny=2.196618 Nz=2.646793  sum=6.982262  [100.5s]
  er=  3.0  Nx=0.628211 Ny=0.684859 Nz=1.128842  sum=2.441911  [103.0s]
  er=  6.0  Nx=0.320556 Ny=0.376599 Nz=0.814568  sum=1.511723  [99.5s]

--- 1.0x0.50x0.50  nd=[40, 48, 56, 64, 72, 80] ---
  er=  0.7  Nx=-3.121692 Ny=-2.923581 Nz=-2.923581  sum=-8.968855  [35.1s]
  er=  1.5  Nx=2.193422 Ny=2.389857 Nz=2.389857  sum=6.973136  [34.3s]
  er=  3.0  Nx=0.679709 Ny=0.873435 Nz=0.873438  sum=2.426582  [35.1s]
  er=  6.0  Nx=0.369740 Ny=0.560283 Nz=0.560277  sum=1.490300  [35.8s]

--- 1.0x0.50x0.30  nd=[67, 80, 94, 100] ---
  er=  0.7  Nx=-3.162808 Ny=-3.003789 Nz=-2.805761  sum=-8.972358  [91.1s]
  er=  1.5  Nx=2.153841 Ny=2.309791 Nz=2.507496  sum=6.971128  [91.9s]
  er=  3.0  Nx=0.641277 Ny=0.793592 Nz=0.988641  sum=2.423510  [99.5s]
  er=  6.0  Nx=0.331927 Ny=0.480871 Nz=0.672576  sum=1.485373  [103.6s]

--- 1.0x0.50x0.20  nd=[70, 85, 95, 100] ---
  er=  0.7  Nx=-3.191944 Ny=-3.064522 Nz=-2.709310  sum=-8.965776  [94.7s]
  er=  1.5  Nx=2.126181 Ny=2.258930 Nz=2.605542  sum=6.990653  [99.4s]
  er=  3.0  Nx=0.614749 Ny=0.748324 Nz=1.090752  sum=2.453825  [102.6s]
  er=  6.0  Nx=0.306079 Ny=0.434607 Nz=0.776742  sum=1.517428  [106.4s]

--- 1.0x0.30x0.30  nd=[67, 80, 94, 100] ---
  er=  0.7  Nx=-3.190533 Ny=-2.892228 Nz=-2.892228  sum=-8.974989  [93.1s]
  er=  1.5  Nx=2.126108 Ny=2.418973 Nz=2.418973  sum=6.964054  [89.5s]
  er=  3.0  Nx=0.612408 Ny=0.897016 Nz=0.897016  sum=2.406439  [90.0s]
  er=  6.0  Nx=0.300044 Ny=0.575458 Nz=0.575458  sum=1.450959  [87.6s]

--- 1.0x0.30x0.20  nd=[70, 85, 95, 100] ---
  er=  0.7  Nx=-3.211469 Ny=-2.955178 Nz=-2.786981  sum=-8.953629  [94.1s]
  er=  1.5  Nx=2.105722 Ny=2.378719 Nz=2.536707  sum=7.021148  [90.9s]
  er=  3.0  Nx=0.591559 Ny=0.885658 Nz=1.049573  sum=2.526790  [99.5s]
  er=  6.0  Nx=0.291941 Ny=0.572118 Nz=0.752048  sum=1.616108  [112.1s]

--- 1.0x0.20x0.20  nd=[70, 85, 95, 100] ---
  er=  0.7  Nx=-3.226463 Ny=-2.858704 Nz=-2.858704  sum=-8.943872  [90.4s]
  er=  1.5  Nx=2.090053 Ny=2.479259 Nz=2.479259  sum=7.048572  [96.3s]
  er=  3.0  Nx=0.576729 Ny=0.998425 Nz=1.002931  sum=2.578085  [109.8s]
  er=  6.0  Nx=0.229116 Ny=0.511250 Nz=0.511250  sum=1.251615  [89.1s]

Total: 4040s (67.3m)
