\BOOKMARK [1][-]{section.1}{\376\377\000I\000n\000t\000r\000o\000d\000u\000c\000t\000i\000o\000n}{}% 1
\BOOKMARK [1][-]{section.2}{\376\377\000I\000n\000s\000t\000a\000l\000l\000a\000t\000i\000o\000n}{}% 2
\BOOKMARK [1][-]{section.3}{\376\377\000P\000r\000o\000j\000e\000c\000t\000\040\000S\000t\000r\000u\000c\000t\000u\000r\000e}{}% 3
\BOOKMARK [1][-]{section.4}{\376\377\000P\000r\000e\000r\000e\000q\000u\000i\000s\000i\000t\000e\000s}{}% 4
\BOOKMARK [1][-]{section.5}{\376\377\000R\000u\000n\000n\000i\000n\000g\000\040\000t\000h\000e\000\040\000M\000o\000M\000\040\0003\000D\000\040\000S\000w\000e\000e\000p}{}% 5
\BOOKMARK [2][-]{subsection.5.1}{\376\377\000C\000o\000m\000m\000a\000n\000d\000-\000L\000i\000n\000e\000\040\000O\000p\000t\000i\000o\000n\000s}{section.5}% 6
\BOOKMARK [2][-]{subsection.5.2}{\376\377\000S\000h\000a\000p\000e\000\040\000G\000r\000i\000d}{section.5}% 7
\BOOKMARK [2][-]{subsection.5.3}{\376\377\000C\000o\000n\000v\000e\000r\000g\000e\000n\000c\000e}{section.5}% 8
\BOOKMARK [2][-]{subsection.5.4}{\376\377\000E\000x\000a\000m\000p\000l\000e\000s}{section.5}% 9
\BOOKMARK [2][-]{subsection.5.5}{\376\377\000O\000u\000t\000p\000u\000t}{section.5}% 10
\BOOKMARK [1][-]{section.6}{\376\377\000R\000u\000n\000n\000i\000n\000g\000\040\000t\000h\000e\000\040\000M\000o\000M\000\040\0002\000D\000\040\000S\000w\000e\000e\000p}{}% 11
\BOOKMARK [2][-]{subsection.6.1}{\376\377\000C\000o\000m\000m\000a\000n\000d\000-\000L\000i\000n\000e\000\040\000O\000p\000t\000i\000o\000n\000s}{section.6}% 12
\BOOKMARK [2][-]{subsection.6.2}{\376\377\000S\000h\000a\000p\000e\000\040\000G\000r\000i\000d}{section.6}% 13
\BOOKMARK [2][-]{subsection.6.3}{\376\377\000C\000o\000n\000v\000e\000r\000g\000e\000n\000c\000e}{section.6}% 14
\BOOKMARK [2][-]{subsection.6.4}{\376\377\000E\000x\000a\000m\000p\000l\000e\000s}{section.6}% 15
\BOOKMARK [2][-]{subsection.6.5}{\376\377\000O\000u\000t\000p\000u\000t}{section.6}% 16
\BOOKMARK [1][-]{section.7}{\376\377\000R\000u\000n\000n\000i\000n\000g\000\040\000t\000h\000e\000\040\000D\000D\000A\000\040\000S\000w\000e\000e\000p}{}% 17
\BOOKMARK [2][-]{subsection.7.1}{\376\377\000C\000o\000m\000m\000a\000n\000d\000-\000L\000i\000n\000e\000\040\000O\000p\000t\000i\000o\000n\000s}{section.7}% 18
\BOOKMARK [2][-]{subsection.7.2}{\376\377\000M\000o\000d\000e\000s}{section.7}% 19
\BOOKMARK [2][-]{subsection.7.3}{\376\377\000E\000x\000a\000m\000p\000l\000e\000s}{section.7}% 20
\BOOKMARK [2][-]{subsection.7.4}{\376\377\000O\000u\000t\000p\000u\000t}{section.7}% 21
\BOOKMARK [1][-]{section.8}{\376\377\000I\000n\000t\000e\000r\000p\000r\000e\000t\000i\000n\000g\000\040\000R\000e\000s\000u\000l\000t\000s}{}% 22
\BOOKMARK [2][-]{subsection.8.1}{\376\377\000D\000e\000p\000o\000l\000a\000r\000i\000z\000a\000t\000i\000o\000n\000\040\000F\000a\000c\000t\000o\000r\000s}{section.8}% 23
\BOOKMARK [2][-]{subsection.8.2}{\376\377\000C\000o\000n\000v\000e\000r\000g\000e\000n\000c\000e\000\040\000E\000x\000t\000r\000a\000p\000o\000l\000a\000t\000i\000o\000n}{section.8}% 24
\BOOKMARK [2][-]{subsection.8.3}{\376\377\000P\000E\000C\000\040\000L\000i\000m\000i\000t}{section.8}% 25
\BOOKMARK [1][-]{section.9}{\376\377\000C\000a\000c\000h\000i\000n\000g}{}% 26
\BOOKMARK [1][-]{section.10}{\376\377\000R\000u\000n\000n\000i\000n\000g\000\040\000T\000e\000s\000t\000s}{}% 27
